{"D:\\dev\\gitHub_clones\\TuteCumber\\features\\support\\hooks.js":{"path":"D:\\dev\\gitHub_clones\\TuteCumber\\features\\support\\hooks.js","s":{"1":1,"2":1,"3":1,"4":0,"5":1,"6":1,"7":1,"8":1,"9":0,"10":0,"11":0,"12":0,"13":0,"14":0,"15":1,"16":1,"17":0,"18":1,"19":0,"20":0,"21":0,"22":0,"23":0,"24":1,"25":0,"26":0,"27":0,"28":0,"29":1,"30":20,"31":1,"32":0,"33":0,"34":0,"35":0,"36":0,"37":0,"38":0,"39":0,"40":0,"41":0,"42":0,"43":0,"44":0},"b":{"1":[0,1],"2":[0,0],"3":[0,1],"4":[0,0],"5":[1,0],"6":[0,0],"7":[0,0]},"f":{"1":1,"2":1,"3":0,"4":0,"5":1,"6":0,"7":20,"8":0},"fnMap":{"1":{"name":null,"anonymous":true,"line":1,"hash":{"hash":"9c85277cf925d6ca38f977b6dbc2d554","branchHashes":[{"type":"LogicalExpression","position":[62,4],"hash":"673e59cf2b44c6b18f99d9b6b9d71d32"},{"type":"LogicalExpression","position":[62,27],"hash":"6b4f84aa51e28accd2890efe7f50e105"}]},"loc":{"start":{"line":1,"column":17},"end":{"line":1,"column":29}},"guessedName":"exports"},"2":{"name":null,"anonymous":true,"line":3,"hash":{"hash":"e301966fd05e4fda631ced93dd0193e0","branchHashes":[{"type":"IfStatement","position":[4,35],"hash":"17c50d014f23bdf9f583091980f96e0c"},{"type":"IfStatement","position":[4,35],"hash":"3d29a75fcf0ed7dfff86d3db8f92fc69"}]},"loc":{"start":{"line":3,"column":24},"end":{"line":3,"column":50}}},"3":{"name":null,"anonymous":true,"line":18,"hash":{"hash":"d9e75c541fab0882822fe4f5f239371b","branchHashes":[{"type":"IfStatement","position":[19,35],"hash":"17c50d014f23bdf9f583091980f96e0c"},{"type":"IfStatement","position":[19,35],"hash":"3d29a75fcf0ed7dfff86d3db8f92fc69"}]},"loc":{"start":{"line":18,"column":23},"end":{"line":18,"column":49}}},"4":{"name":null,"anonymous":true,"line":23,"hash":{"hash":"217bcf692a34813bb0dbcc8e839b5f66","branchHashes":[]},"loc":{"start":{"line":23,"column":38},"end":{"line":23,"column":50}}},"5":{"name":null,"anonymous":true,"line":29,"hash":{"hash":"f2f8830dc01675f3846dd50e88eb0413","branchHashes":[{"type":"IfStatement","position":[30,35],"hash":"17c50d014f23bdf9f583091980f96e0c"},{"type":"IfStatement","position":[30,35],"hash":"3d29a75fcf0ed7dfff86d3db8f92fc69"}]},"loc":{"start":{"line":29,"column":24},"end":{"line":29,"column":50}}},"6":{"name":null,"anonymous":true,"line":50,"hash":{"hash":"12ed0b6d303f0e3baf09387256ddbe67","branchHashes":[{"type":"IfStatement","position":[51,35],"hash":"17c50d014f23bdf9f583091980f96e0c"},{"type":"IfStatement","position":[51,35],"hash":"3d29a75fcf0ed7dfff86d3db8f92fc69"}]},"loc":{"start":{"line":50,"column":23},"end":{"line":50,"column":49}}},"7":{"name":null,"anonymous":true,"line":57,"hash":{"hash":"a3c6c0707193b3d17af34e5ab53be37f","branchHashes":[]},"loc":{"start":{"line":57,"column":27},"end":{"line":57,"column":38}}},"8":{"name":null,"anonymous":true,"line":62,"hash":{"hash":"82bce518904b553cb75a7d69378a4a31","branchHashes":[{"type":"IfStatement","position":[64,35],"hash":"17c50d014f23bdf9f583091980f96e0c"},{"type":"IfStatement","position":[64,35],"hash":"3d29a75fcf0ed7dfff86d3db8f92fc69"},{"type":"IfStatement","position":[74,12],"hash":"0296528fb9f4345f6b4847ea0886f624"},{"type":"IfStatement","position":[74,12],"hash":"3d29a75fcf0ed7dfff86d3db8f92fc69"}]},"loc":{"start":{"line":62,"column":47},"end":{"line":62,"column":79}}}},"statementMap":{"1":{"start":{"line":1,"column":0},"end":{"line":88,"column":2}},"2":{"start":{"line":3,"column":4},"end":{"line":14,"column":7}},"3":{"start":{"line":4,"column":8},"end":{"line":4,"column":49}},"4":{"start":{"line":4,"column":35},"end":{"line":4,"column":49}},"5":{"start":{"line":6,"column":8},"end":{"line":6,"column":54}},"6":{"start":{"line":8,"column":8},"end":{"line":12,"column":11}},"7":{"start":{"line":13,"column":8},"end":{"line":13,"column":15}},"8":{"start":{"line":18,"column":4},"end":{"line":27,"column":7}},"9":{"start":{"line":19,"column":8},"end":{"line":19,"column":49}},"10":{"start":{"line":19,"column":35},"end":{"line":19,"column":49}},"11":{"start":{"line":21,"column":8},"end":{"line":21,"column":103}},"12":{"start":{"line":22,"column":8},"end":{"line":22,"column":27}},"13":{"start":{"line":23,"column":8},"end":{"line":26,"column":11}},"14":{"start":{"line":25,"column":12},"end":{"line":25,"column":19}},"15":{"start":{"line":29,"column":4},"end":{"line":46,"column":7}},"16":{"start":{"line":30,"column":8},"end":{"line":30,"column":49}},"17":{"start":{"line":30,"column":35},"end":{"line":30,"column":49}},"18":{"start":{"line":31,"column":8},"end":{"line":31,"column":76}},"19":{"start":{"line":33,"column":8},"end":{"line":33,"column":91}},"20":{"start":{"line":34,"column":8},"end":{"line":34,"column":94}},"21":{"start":{"line":36,"column":8},"end":{"line":36,"column":42}},"22":{"start":{"line":37,"column":8},"end":{"line":43,"column":11}},"23":{"start":{"line":45,"column":8},"end":{"line":45,"column":15}},"24":{"start":{"line":50,"column":4},"end":{"line":55,"column":7}},"25":{"start":{"line":51,"column":8},"end":{"line":51,"column":49}},"26":{"start":{"line":51,"column":35},"end":{"line":51,"column":49}},"27":{"start":{"line":52,"column":8},"end":{"line":52,"column":56}},"28":{"start":{"line":54,"column":8},"end":{"line":54,"column":15}},"29":{"start":{"line":57,"column":1},"end":{"line":59,"column":4}},"30":{"start":{"line":58,"column":2},"end":{"line":58,"column":25}},"31":{"start":{"line":62,"column":4},"end":{"line":87,"column":7}},"32":{"start":{"line":63,"column":8},"end":{"line":63,"column":52}},"33":{"start":{"line":64,"column":8},"end":{"line":64,"column":49}},"34":{"start":{"line":64,"column":35},"end":{"line":64,"column":49}},"35":{"start":{"line":66,"column":8},"end":{"line":66,"column":76}},"36":{"start":{"line":67,"column":8},"end":{"line":67,"column":91}},"37":{"start":{"line":68,"column":8},"end":{"line":68,"column":52}},"38":{"start":{"line":69,"column":8},"end":{"line":69,"column":48}},"39":{"start":{"line":70,"column":8},"end":{"line":70,"column":73}},"40":{"start":{"line":73,"column":8},"end":{"line":74,"column":31}},"41":{"start":{"line":74,"column":12},"end":{"line":74,"column":31}},"42":{"start":{"line":76,"column":8},"end":{"line":76,"column":42}},"43":{"start":{"line":77,"column":8},"end":{"line":84,"column":11}},"44":{"start":{"line":86,"column":8},"end":{"line":86,"column":15}}},"branchMap":{"1":{"line":4,"type":"if","locations":[{"start":{"line":4,"column":8},"end":{"line":4,"column":8}},{"start":{"line":4,"column":8},"end":{"line":4,"column":8}}]},"2":{"line":19,"type":"if","locations":[{"start":{"line":19,"column":8},"end":{"line":19,"column":8}},{"start":{"line":19,"column":8},"end":{"line":19,"column":8}}]},"3":{"line":30,"type":"if","locations":[{"start":{"line":30,"column":8},"end":{"line":30,"column":8}},{"start":{"line":30,"column":8},"end":{"line":30,"column":8}}]},"4":{"line":51,"type":"if","locations":[{"start":{"line":51,"column":8},"end":{"line":51,"column":8}},{"start":{"line":51,"column":8},"end":{"line":51,"column":8}}]},"5":{"line":62,"type":"binary-expr","locations":[{"start":{"line":62,"column":4},"end":{"line":62,"column":23}},{"start":{"line":62,"column":27},"end":{"line":87,"column":6}}]},"6":{"line":64,"type":"if","locations":[{"start":{"line":64,"column":8},"end":{"line":64,"column":8}},{"start":{"line":64,"column":8},"end":{"line":64,"column":8}}]},"7":{"line":73,"type":"if","locations":[{"start":{"line":73,"column":8},"end":{"line":73,"column":8}},{"start":{"line":73,"column":8},"end":{"line":73,"column":8}}]}},"fnToBranch":{"0":[],"1":[[5,0],[5,1]],"2":[[1,0],[1,1]],"3":[[2,0],[2,1]],"4":[],"5":[[3,0],[3,1]],"6":[[4,0],[4,1]],"7":[],"8":[[6,0],[6,1],[7,0],[7,1]]},"metadata":{"appData":{"appName":"","branchName":"","buildName":""},"relativePath":"features/support/hooks.js"}}}