TN:
SF:D:\dev\gitHub_clones\TuteCumber\features\support\hooks.js
FN:1,
FN:3,
FN:18,
FN:23,
FN:29,
FN:50,
FN:57,
FN:62,
FNF:8
FNH:4
FNDA:1,
FNDA:1,
FNDA:0,
FNDA:0,
FNDA:1,
FNDA:0,
FNDA:20,
FNDA:0,
DA:1,1
DA:3,1
DA:4,1
DA:6,1
DA:8,1
DA:13,1
DA:18,1
DA:19,0
DA:21,0
DA:22,0
DA:23,0
DA:25,0
DA:29,1
DA:30,1
DA:31,1
DA:33,0
DA:34,0
DA:36,0
DA:37,0
DA:45,0
DA:50,1
DA:51,0
DA:52,0
DA:54,0
DA:57,1
DA:58,20
DA:62,1
DA:63,0
DA:64,0
DA:66,0
DA:67,0
DA:68,0
DA:69,0
DA:70,0
DA:73,0
DA:74,0
DA:76,0
DA:77,0
DA:86,0
LF:39
LH:14
BRDA:4,1,0,0
BRDA:4,1,1,1
BRDA:19,2,0,0
BRDA:19,2,1,0
BRDA:30,3,0,0
BRDA:30,3,1,1
BRDA:51,4,0,0
BRDA:51,4,1,0
BRDA:62,5,0,1
BRDA:62,5,1,0
BRDA:64,6,0,0
BRDA:64,6,1,0
BRDA:73,7,0,0
BRDA:73,7,1,0
BRF:14
BRH:3
end_of_record
